2011-12-05 02:15:34 Warning: Warning (2): Invalid argument supplied for foreach() in [/var/www/street-live/app/views/performances/index.ctp, line 7]
2011-12-06 11:05:49 Warning: Warning (2): Invalid argument supplied for foreach() in [/var/www/street-live/app/views/performances/done.ctp, line 8]
2011-12-06 11:14:22 Warning: Warning (2): Missing argument 2 for PerformancesController::view() in [/var/www/street-live/app/controllers/performances_controller.php, line 30]
2011-12-06 11:14:22 Warning: Warning (2): Invalid argument supplied for foreach() in [/var/www/street-live/app/views/performances/booking_view.ctp, line 8]
2011-12-06 11:17:17 Warning: Warning (2): Missing argument 2 for PerformancesController::view() in [/var/www/street-live/app/controllers/performances_controller.php, line 30]
2011-12-06 11:17:17 Warning: Warning (2): Invalid argument supplied for foreach() in [/var/www/street-live/app/views/performances/booking_view.ctp, line 8]
2011-12-06 11:17:52 Warning: Warning (2): Missing argument 2 for PerformancesController::view() in [/var/www/street-live/app/controllers/performances_controller.php, line 30]
2011-12-06 11:17:52 Warning: Warning (2): Invalid argument supplied for foreach() in [/var/www/street-live/app/views/performances/booking_view.ctp, line 8]
2011-12-06 11:17:53 Warning: Warning (2): Missing argument 2 for PerformancesController::view() in [/var/www/street-live/app/controllers/performances_controller.php, line 30]
2011-12-06 11:17:53 Warning: Warning (2): Invalid argument supplied for foreach() in [/var/www/street-live/app/views/performances/booking_view.ctp, line 8]
2011-12-07 10:43:31 Warning: Warning (2): Invalid argument supplied for foreach() in [/var/www/street-live/app/views/performers/view.ctp, line 15]
2011-12-07 10:46:27 Warning: Warning (2): Invalid argument supplied for foreach() in [/var/www/street-live/app/views/performers/view.ctp, line 17]
2011-12-07 10:47:57 Warning: Warning (2): Invalid argument supplied for foreach() in [/var/www/street-live/app/views/performers/view.ctp, line 17]
2011-12-07 10:48:24 Warning: Warning (2): Invalid argument supplied for foreach() in [/var/www/street-live/app/views/performers/view.ctp, line 17]
2011-12-07 10:48:26 Warning: Warning (2): Invalid argument supplied for foreach() in [/var/www/street-live/app/views/performers/view.ctp, line 17]
2011-12-07 10:48:33 Warning: Warning (2): Invalid argument supplied for foreach() in [/var/www/street-live/app/views/performers/view.ctp, line 17]
2011-12-07 10:48:56 Warning: Warning (2): Invalid argument supplied for foreach() in [/var/www/street-live/app/views/performers/view.ctp, line 18]
2011-12-07 10:49:13 Warning: Warning (2): Invalid argument supplied for foreach() in [/var/www/street-live/app/views/performers/view.ctp, line 18]
2011-12-07 10:49:16 Warning: Warning (2): Invalid argument supplied for foreach() in [/var/www/street-live/app/views/performers/view.ctp, line 18]
2011-12-07 10:49:20 Warning: Warning (2): Invalid argument supplied for foreach() in [/var/www/street-live/app/views/performers/view.ctp, line 18]
2011-12-07 10:49:24 Warning: Warning (2): Invalid argument supplied for foreach() in [/var/www/street-live/app/views/performers/view.ctp, line 18]
2011-12-07 10:49:26 Warning: Warning (2): Invalid argument supplied for foreach() in [/var/www/street-live/app/views/performers/view.ctp, line 18]
2011-12-07 10:49:34 Warning: Warning (2): Invalid argument supplied for foreach() in [/var/www/street-live/app/views/performers/view.ctp, line 18]
2011-12-07 10:49:39 Warning: Warning (2): Invalid argument supplied for foreach() in [/var/www/street-live/app/views/performers/view.ctp, line 18]
2011-12-07 10:49:55 Warning: Warning (2): Invalid argument supplied for foreach() in [/var/www/street-live/app/views/performers/view.ctp, line 18]
2011-12-07 10:51:17 Warning: Warning (2): Invalid argument supplied for foreach() in [/var/www/street-live/app/views/performers/view.ctp, line 17]
2011-12-07 10:51:25 Warning: Warning (2): Invalid argument supplied for foreach() in [/var/www/street-live/app/views/performers/view.ctp, line 17]
2011-12-07 10:51:36 Warning: Warning (2): Invalid argument supplied for foreach() in [/var/www/street-live/app/views/performers/view.ctp, line 17]
2011-12-07 10:51:50 Warning: Warning (2): Invalid argument supplied for foreach() in [/var/www/street-live/app/views/performers/view.ctp, line 17]
2011-12-07 10:51:55 Warning: Warning (2): Invalid argument supplied for foreach() in [/var/www/street-live/app/views/performers/view.ctp, line 17]
2011-12-07 10:52:44 Warning: Warning (2): Invalid argument supplied for foreach() in [/var/www/street-live/app/views/performers/view.ctp, line 17]
2011-12-07 10:53:02 Warning: Warning (2): Invalid argument supplied for foreach() in [/var/www/street-live/app/views/performers/view.ctp, line 17]
2011-12-07 10:56:58 Warning: Warning (2): Invalid argument supplied for foreach() in [/var/www/street-live/app/views/performers/view.ctp, line 17]
2011-12-07 10:57:00 Warning: Warning (2): Invalid argument supplied for foreach() in [/var/www/street-live/app/views/performers/view.ctp, line 17]
2011-12-07 10:59:33 Warning: Warning (2): Invalid argument supplied for foreach() in [/var/www/street-live/app/views/performers/view.ctp, line 17]
2011-12-07 11:00:38 Warning: Warning (2): Invalid argument supplied for foreach() in [/var/www/street-live/app/views/performers/view.ctp, line 13]
2011-12-07 11:17:29 Warning: Warning (2): Invalid argument supplied for foreach() in [/var/www/street-live/app/views/performers/view.ctp, line 13]
2011-12-07 11:18:03 Warning: Warning (2): Invalid argument supplied for foreach() in [/var/www/street-live/app/views/performers/view.ctp, line 13]
2011-12-07 11:18:07 Warning: Warning (2): Invalid argument supplied for foreach() in [/var/www/street-live/app/views/performers/view.ctp, line 13]
2011-12-07 11:18:23 Warning: Warning (2): Invalid argument supplied for foreach() in [/var/www/street-live/app/views/performers/view.ctp, line 13]
2011-12-07 11:21:50 Warning: Warning (2): Missing argument 2 for PerformancesController::view() in [/var/www/street-live/app/controllers/performances_controller.php, line 30]
2011-12-07 11:21:50 Warning: Warning (2): Invalid argument supplied for foreach() in [/var/www/street-live/app/views/performances/booking_view.ctp, line 8]
2011-12-07 11:41:58 Warning: Warning (2): Invalid argument supplied for foreach() in [/var/www/street-live/app/views/performers/view.ctp, line 13]
2011-12-07 11:42:14 Warning: Warning (2): Invalid argument supplied for foreach() in [/var/www/street-live/app/views/performers/view.ctp, line 13]
2011-12-07 11:46:17 Warning: Warning (2): Missing argument 2 for PerformancesController::view() in [/var/www/street-live/app/controllers/performances_controller.php, line 30]
2011-12-07 11:46:58 Warning: Warning (2): Missing argument 2 for PerformancesController::view() in [/var/www/street-live/app/controllers/performances_controller.php, line 30]
2011-12-07 11:47:05 Warning: Warning (2): Invalid argument supplied for foreach() in [/var/www/street-live/app/views/performers/view.ctp, line 13]
2011-12-07 11:48:13 Warning: Warning (2): Invalid argument supplied for foreach() in [/var/www/street-live/app/views/performers/view.ctp, line 13]
2011-12-07 13:54:48 Warning: Warning (2): Invalid argument supplied for foreach() in [/var/www/street-live/app/views/performers/view.ctp, line 13]
2011-12-07 13:54:55 Warning: Warning (2): Missing argument 2 for PerformancesController::view() in [/var/www/street-live/app/controllers/performances_controller.php, line 30]
2011-12-07 13:55:17 Warning: Warning (2): Invalid argument supplied for foreach() in [/var/www/street-live/app/views/performers/view.ctp, line 13]
2011-12-07 13:55:29 Warning: Warning (2): Invalid argument supplied for foreach() in [/var/www/street-live/app/views/performers/view.ctp, line 13]
2011-12-07 13:58:05 Warning: Warning (2): Invalid argument supplied for foreach() in [/var/www/street-live/app/views/performers/view.ctp, line 13]
2011-12-14 09:40:37 Warning: Warning (2): Invalid argument supplied for foreach() in [/var/www/street-live/app/views/performers/view.ctp, line 13]
2011-12-14 09:41:27 Warning: Warning (2): Missing argument 2 for PerformancesController::view() in [/var/www/street-live/app/controllers/performances_controller.php, line 30]
2011-12-14 09:41:43 Warning: Warning (2): Missing argument 2 for PerformancesController::view() in [/var/www/street-live/app/controllers/performances_controller.php, line 30]
2011-12-17 23:43:59 Warning: Warning (512): <span style="color:Red;text-align:left"><b>SQL Error:</b> 1062: Duplicate entry 'akjk' for key 'username'</span> in [/var/www/street-live/cake/libs/model/datasources/dbo_source.php, line 684]
2011-12-17 23:51:25 Warning: Warning (512): <span style="color:Red;text-align:left"><b>SQL Error:</b> 1062: Duplicate entry 'jung' for key 'username'</span> in [/var/www/street-live/cake/libs/model/datasources/dbo_source.php, line 684]
2011-12-17 23:52:47 Warning: Warning (512): <span style="color:Red;text-align:left"><b>SQL Error:</b> 1062: Duplicate entry 'jung' for key 'username'</span> in [/var/www/street-live/cake/libs/model/datasources/dbo_source.php, line 684]
2011-12-20 20:28:15 Warning: Warning (512): <span style="color:Red;text-align:left"><b>SQL Error:</b> 1062: Duplicate entry 'jung' for key 'username'</span> in [/var/www/street-live/cake/libs/model/datasources/dbo_source.php, line 684]
2011-12-25 17:28:24 Warning: Warning (512): <span style="color:Red;text-align:left"><b>SQL Error:</b> 1062: Duplicate entry '1234' for key 'username'</span> in [/var/www/street-live/cake/libs/model/datasources/dbo_source.php, line 684]
2011-12-25 17:28:24 Warning: Warning (2): Cannot modify header information - headers already sent by (output started at /var/www/street-live/cake/libs/debugger.php:683) in [/var/www/street-live/cake/libs/controller/controller.php, line 742]
2011-12-25 17:44:12 Warning: Warning (512): <span style="color:Red;text-align:left"><b>SQL Error:</b> 1062: Duplicate entry '1234' for key 'username'</span> in [/var/www/street-live/cake/libs/model/datasources/dbo_source.php, line 684]
2011-12-25 17:44:12 Warning: Warning (2): Cannot modify header information - headers already sent by (output started at /var/www/street-live/cake/libs/debugger.php:683) in [/var/www/street-live/cake/libs/controller/controller.php, line 742]
2011-12-25 17:45:27 Warning: Warning (2): Cannot modify header information - headers already sent by (output started at /var/www/street-live/cake/libs/debugger.php:683) in [/var/www/street-live/cake/libs/controller/controller.php, line 742]
2011-12-25 17:56:17 Warning: Warning (2): Cannot modify header information - headers already sent by (output started at /var/www/street-live/cake/libs/debugger.php:683) in [/var/www/street-live/cake/libs/controller/controller.php, line 742]
2011-12-25 17:56:42 Warning: Warning (512): <span style="color:Red;text-align:left"><b>SQL Error:</b> 1062: Duplicate entry '1234' for key 'username'</span> in [/var/www/street-live/cake/libs/model/datasources/dbo_source.php, line 684]
2011-12-25 17:56:42 Warning: Warning (2): Cannot modify header information - headers already sent by (output started at /var/www/street-live/cake/libs/debugger.php:683) in [/var/www/street-live/cake/libs/controller/controller.php, line 742]
2011-12-25 18:36:58 Warning: Warning (2): preg_match() [http://php.net/function.preg-match]: Unknown modifier '‚' in [/var/www/street-live/cake/libs/model/model.php, line 2611]
2011-12-25 18:36:58 Warning: Warning (2): preg_match() [http://php.net/function.preg-match]: Unknown modifier 'ƒ' in [/var/www/street-live/cake/libs/model/model.php, line 2611]
2011-12-25 19:23:24 Warning: Warning (2): Invalid argument supplied for foreach() in [/var/www/street-live/app/views/performances/booking.ctp, line 8]
2011-12-25 19:23:27 Warning: Warning (2): Invalid argument supplied for foreach() in [/var/www/street-live/app/views/performances/booking.ctp, line 8]
2011-12-25 19:23:47 Warning: Warning (2): Invalid argument supplied for foreach() in [/var/www/street-live/app/views/performances/booking.ctp, line 8]
2011-12-25 20:20:46 Warning: Warning (2): Missing argument 2 for PerformancesController::view() in [/var/www/street-live/app/controllers/performances_controller.php, line 30]
2011-12-25 20:21:30 Warning: Warning (2): Missing argument 2 for PerformancesController::view() in [/var/www/street-live/app/controllers/performances_controller.php, line 30]
2011-12-25 20:22:14 Warning: Warning (2): Missing argument 2 for PerformancesController::view() in [/var/www/street-live/app/controllers/performances_controller.php, line 30]
2011-12-25 20:23:59 Warning: Warning (2): Missing argument 2 for PerformancesController::view() in [/var/www/street-live/app/controllers/performances_controller.php, line 30]
2011-12-25 20:24:09 Warning: Warning (2): Missing argument 2 for PerformancesController::view() in [/var/www/street-live/app/controllers/performances_controller.php, line 30]
2011-12-25 20:25:27 Warning: Warning (2): Missing argument 2 for PerformancesController::view() in [/var/www/street-live/app/controllers/performances_controller.php, line 30]
2011-12-25 20:25:34 Warning: Warning (2): Missing argument 2 for PerformancesController::view() in [/var/www/street-live/app/controllers/performances_controller.php, line 30]
2011-12-25 20:25:35 Warning: Warning (2): Missing argument 2 for PerformancesController::view() in [/var/www/street-live/app/controllers/performances_controller.php, line 30]
2011-12-25 20:25:40 Warning: Warning (2): Missing argument 2 for PerformancesController::view() in [/var/www/street-live/app/controllers/performances_controller.php, line 30]
2011-12-25 20:56:12 Warning: Warning (2): Invalid argument supplied for foreach() in [/var/www/street-live/app/views/performers/view.ctp, line 13]
2011-12-25 20:56:19 Warning: Warning (2): Invalid argument supplied for foreach() in [/var/www/street-live/app/views/performers/view.ctp, line 13]
2011-12-25 20:59:06 Warning: Warning (2): Invalid argument supplied for foreach() in [/var/www/street-live/app/views/performers/view.ctp, line 13]
2011-12-25 21:11:52 Warning: Warning (2): Invalid argument supplied for foreach() in [/var/www/street-live/app/views/performers/view.ctp, line 13]
2011-12-25 21:12:03 Warning: Warning (2): Invalid argument supplied for foreach() in [/var/www/street-live/app/views/performers/view.ctp, line 13]
2011-12-26 23:25:07 Warning: Warning (2): Invalid argument supplied for foreach() in [/var/www/street-live/app/views/performers/view.ctp, line 13]
2011-12-27 16:48:09 Warning: Warning (2): Invalid argument supplied for foreach() in [/var/www/street-live/app/views/performers/view.ctp, line 13]
2011-12-28 09:40:27 Warning: Warning (2): Invalid argument supplied for foreach() in [/var/www/street-live/app/views/performers/view.ctp, line 13]
2011-12-28 09:40:47 Warning: Warning (2): Invalid argument supplied for foreach() in [/var/www/street-live/app/views/performers/view.ctp, line 13]
2011-12-29 13:19:11 Warning: Warning (2): Invalid argument supplied for foreach() in [/var/www/street-live/app/views/performers/view.ctp, line 13]
2012-01-03 01:02:19 Warning: Warning (2): Invalid argument supplied for foreach() in [/var/www/street-live/app/views/performers/view.ctp, line 13]
2012-01-03 01:02:26 Warning: Warning (2): Invalid argument supplied for foreach() in [/var/www/street-live/app/views/performers/view.ctp, line 13]
